<?xml version="1.0" encoding="UTF-8"?>
<testng-results skipped="0" failed="0" total="1" passed="1">
  <reporter-output>
  </reporter-output>
  <suite name="Default suite" duration-ms="55420" started-at="2019-10-04T11:51:17Z" finished-at="2019-10-04T11:52:12Z">
    <groups>
    </groups>
    <test name="Default test" duration-ms="55420" started-at="2019-10-04T11:51:17Z" finished-at="2019-10-04T11:52:12Z">
      <class name="com.Testing.TestCases.TC3">
        <test-method status="PASS" signature="LaunchBrowser()[pri:0, instance:com.Testing.TestCases.TC3@3e6fa38a]" name="LaunchBrowser" is-config="true" duration-ms="25357" started-at="2019-10-04T17:21:17Z" finished-at="2019-10-04T17:21:42Z">
          <reporter-output>
          </reporter-output>
        </test-method> <!-- LaunchBrowser -->
        <test-method status="PASS" signature="test()[pri:0, instance:com.Testing.TestCases.TC3@3e6fa38a]" name="test" duration-ms="28942" started-at="2019-10-04T17:21:42Z" finished-at="2019-10-04T17:22:11Z">
          <reporter-output>
          </reporter-output>
        </test-method> <!-- test -->
        <test-method status="PASS" signature="CloseBrowser()[pri:0, instance:com.Testing.TestCases.TC3@3e6fa38a]" name="CloseBrowser" is-config="true" duration-ms="981" started-at="2019-10-04T17:22:11Z" finished-at="2019-10-04T17:22:12Z">
          <reporter-output>
          </reporter-output>
        </test-method> <!-- CloseBrowser -->
      </class> <!-- com.Testing.TestCases.TC3 -->
    </test> <!-- Default test -->
  </suite> <!-- Default suite -->
</testng-results>
