<?xml version="1.0" encoding="UTF-8"?>
<testng-results skipped="0" failed="0" total="5" passed="5">
  <reporter-output>
  </reporter-output>
  <suite name="Suite" duration-ms="277341" started-at="2019-10-10T09:44:37Z" finished-at="2019-10-10T09:49:14Z">
    <groups>
    </groups>
    <test name="Test" duration-ms="277341" started-at="2019-10-10T09:44:37Z" finished-at="2019-10-10T09:49:14Z">
      <class name="com.Testing.TestCases.TC5">
        <test-method status="PASS" signature="LaunchBrowser()[pri:0, instance:com.Testing.TestCases.TC5@42e26948]" name="LaunchBrowser" is-config="true" duration-ms="33908" started-at="2019-10-10T15:18:14Z" finished-at="2019-10-10T15:18:48Z">
          <reporter-output>
          </reporter-output>
        </test-method> <!-- LaunchBrowser -->
        <test-method status="PASS" signature="TestCase()[pri:0, instance:com.Testing.TestCases.TC5@42e26948]" name="TestCase" duration-ms="25154" started-at="2019-10-10T15:18:48Z" finished-at="2019-10-10T15:19:13Z">
          <reporter-output>
          </reporter-output>
        </test-method> <!-- TestCase -->
        <test-method status="PASS" signature="CloseBrowser()[pri:0, instance:com.Testing.TestCases.TC5@42e26948]" name="CloseBrowser" is-config="true" duration-ms="596" started-at="2019-10-10T15:19:13Z" finished-at="2019-10-10T15:19:14Z">
          <reporter-output>
          </reporter-output>
        </test-method> <!-- CloseBrowser -->
      </class> <!-- com.Testing.TestCases.TC5 -->
      <class name="com.Testing.TestCases.TC3">
        <test-method status="PASS" signature="LaunchBrowser()[pri:0, instance:com.Testing.TestCases.TC3@39c0f4a]" name="LaunchBrowser" is-config="true" duration-ms="20011" started-at="2019-10-10T15:16:15Z" finished-at="2019-10-10T15:16:35Z">
          <reporter-output>
          </reporter-output>
        </test-method> <!-- LaunchBrowser -->
        <test-method status="PASS" signature="test()[pri:0, instance:com.Testing.TestCases.TC3@39c0f4a]" name="test" duration-ms="26689" started-at="2019-10-10T15:16:35Z" finished-at="2019-10-10T15:17:01Z">
          <reporter-output>
          </reporter-output>
        </test-method> <!-- test -->
        <test-method status="PASS" signature="CloseBrowser()[pri:0, instance:com.Testing.TestCases.TC3@39c0f4a]" name="CloseBrowser" is-config="true" duration-ms="408" started-at="2019-10-10T15:17:01Z" finished-at="2019-10-10T15:17:02Z">
          <reporter-output>
          </reporter-output>
        </test-method> <!-- CloseBrowser -->
      </class> <!-- com.Testing.TestCases.TC3 -->
      <class name="com.Testing.TestCases.TC4">
        <test-method status="PASS" signature="LaunchBrowser()[pri:0, instance:com.Testing.TestCases.TC4@1794d431]" name="LaunchBrowser" is-config="true" duration-ms="32203" started-at="2019-10-10T15:17:02Z" finished-at="2019-10-10T15:17:34Z">
          <reporter-output>
          </reporter-output>
        </test-method> <!-- LaunchBrowser -->
        <test-method status="PASS" signature="test()[pri:0, instance:com.Testing.TestCases.TC4@1794d431]" name="test" duration-ms="39924" started-at="2019-10-10T15:17:34Z" finished-at="2019-10-10T15:18:14Z">
          <reporter-output>
          </reporter-output>
        </test-method> <!-- test -->
        <test-method status="PASS" signature="CloseBrowser()[pri:0, instance:com.Testing.TestCases.TC4@1794d431]" name="CloseBrowser" is-config="true" duration-ms="375" started-at="2019-10-10T15:18:14Z" finished-at="2019-10-10T15:18:14Z">
          <reporter-output>
          </reporter-output>
        </test-method> <!-- CloseBrowser -->
      </class> <!-- com.Testing.TestCases.TC4 -->
      <class name="com.Testing.TestCases.TC1">
        <test-method status="PASS" signature="LaunchBrowser()[pri:0, instance:com.Testing.TestCases.TC1@42d80b78]" name="LaunchBrowser" is-config="true" duration-ms="30238" started-at="2019-10-10T15:14:37Z" finished-at="2019-10-10T15:15:07Z">
          <reporter-output>
          </reporter-output>
        </test-method> <!-- LaunchBrowser -->
        <test-method status="PASS" signature="TestCase()[pri:0, instance:com.Testing.TestCases.TC1@42d80b78]" name="TestCase" duration-ms="18927" started-at="2019-10-10T15:15:07Z" finished-at="2019-10-10T15:15:26Z">
          <reporter-output>
          </reporter-output>
        </test-method> <!-- TestCase -->
        <test-method status="PASS" signature="CloseBrowser()[pri:0, instance:com.Testing.TestCases.TC1@42d80b78]" name="CloseBrowser" is-config="true" duration-ms="4502" started-at="2019-10-10T15:15:26Z" finished-at="2019-10-10T15:15:30Z">
          <reporter-output>
          </reporter-output>
        </test-method> <!-- CloseBrowser -->
      </class> <!-- com.Testing.TestCases.TC1 -->
      <class name="com.Testing.TestCases.TC2">
        <test-method status="PASS" signature="LaunchBrowser()[pri:0, instance:com.Testing.TestCases.TC2@7d9d1a19]" name="LaunchBrowser" is-config="true" duration-ms="16730" started-at="2019-10-10T15:15:30Z" finished-at="2019-10-10T15:15:47Z">
          <reporter-output>
          </reporter-output>
        </test-method> <!-- LaunchBrowser -->
        <test-method status="PASS" signature="TestCase()[pri:0, instance:com.Testing.TestCases.TC2@7d9d1a19]" name="TestCase" duration-ms="27025" started-at="2019-10-10T15:15:47Z" finished-at="2019-10-10T15:16:14Z">
          <reporter-output>
          </reporter-output>
        </test-method> <!-- TestCase -->
        <test-method status="PASS" signature="CloseBrowser()[pri:0, instance:com.Testing.TestCases.TC2@7d9d1a19]" name="CloseBrowser" is-config="true" duration-ms="556" started-at="2019-10-10T15:16:14Z" finished-at="2019-10-10T15:16:15Z">
          <reporter-output>
          </reporter-output>
        </test-method> <!-- CloseBrowser -->
      </class> <!-- com.Testing.TestCases.TC2 -->
    </test> <!-- Test -->
  </suite> <!-- Suite -->
</testng-results>
