<?xml version="1.0" encoding="UTF-8"?>
<!-- Generated by org.testng.reporters.JUnitXMLReporter -->
<testsuite hostname="LAPTOP-KDTBH1OM" ignored="0" name="Test" tests="1" failures="1" timestamp="01 Oct 2019 13:39:36 GMT" time="0.186" errors="0">
  <testcase name="testCase1" time="0.064" classname="org.Testing.TestScripts.TC1">
    <failure type="java.io.FileNotFoundException" message="C:\Users\asus\eclipse-workspace\RATest\Env.properties (The system cannot find the path specified)">
      <![CDATA[java.io.FileNotFoundException: C:\Users\asus\eclipse-workspace\RATest\Env.properties (The system cannot find the path specified)
	at java.io.FileInputStream.open0(Native Method)
	at java.io.FileInputStream.open(Unknown Source)
	at java.io.FileInputStream.<init>(Unknown Source)
	at org.Testing.Utilities.PropertiesFileLoad.Property_Load(PropertiesFileLoad.java:12)
	at org.Testing.TestScripts.TC1.testCase1(TC1.java:26)
... Removed 25 stack frames]]>
    </failure>
  </testcase> <!-- testCase1 -->
</testsuite> <!-- Test -->
