<?xml version="1.0" encoding="UTF-8"?>
<!-- Generated by org.testng.reporters.JUnitXMLReporter -->
<testsuite hostname="LAPTOP-KDTBH1OM" name="Test" tests="5" failures="0" timestamp="10 Oct 2019 09:49:16 GMT" time="277.341" errors="0">
  <testcase name="TestCase" time="18.927" classname="com.Testing.TestCases.TC1"/>
  <testcase name="TestCase" time="27.025" classname="com.Testing.TestCases.TC2"/>
  <testcase name="test" time="26.689" classname="com.Testing.TestCases.TC3"/>
  <testcase name="test" time="39.924" classname="com.Testing.TestCases.TC4"/>
  <testcase name="TestCase" time="25.154" classname="com.Testing.TestCases.TC5"/>
</testsuite> <!-- Test -->
