<?xml version="1.0" encoding="UTF-8"?>
<testng-results skipped="0" failed="0" total="1" passed="1">
  <reporter-output>
  </reporter-output>
  <suite name="Default suite" duration-ms="75052" started-at="2019-09-26T08:26:31Z" finished-at="2019-09-26T08:27:46Z">
    <groups>
    </groups>
    <test name="Default test" duration-ms="75052" started-at="2019-09-26T08:26:31Z" finished-at="2019-09-26T08:27:46Z">
      <class name="com.testng.testsuite1.TC4">
        <test-method status="PASS" signature="LaunchChrome()[pri:0, instance:com.testng.testsuite1.TC4@47c62251]" name="LaunchChrome" is-config="true" duration-ms="40787" started-at="2019-09-26T13:56:31Z" finished-at="2019-09-26T13:57:12Z">
          <reporter-output>
          </reporter-output>
        </test-method> <!-- LaunchChrome -->
        <test-method status="PASS" signature="test()[pri:0, instance:com.testng.testsuite1.TC4@47c62251]" name="test" duration-ms="30588" started-at="2019-09-26T13:57:12Z" finished-at="2019-09-26T13:57:43Z">
          <reporter-output>
          </reporter-output>
        </test-method> <!-- test -->
        <test-method status="PASS" signature="closeBrowser()[pri:0, instance:com.testng.testsuite1.TC4@47c62251]" name="closeBrowser" is-config="true" duration-ms="3599" started-at="2019-09-26T13:57:43Z" finished-at="2019-09-26T13:57:46Z">
          <reporter-output>
          </reporter-output>
        </test-method> <!-- closeBrowser -->
      </class> <!-- com.testng.testsuite1.TC4 -->
    </test> <!-- Default test -->
  </suite> <!-- Default suite -->
</testng-results>
