<?xml version="1.0" encoding="UTF-8"?>
<testng-results skipped="0" failed="0" total="5" passed="5">
  <reporter-output>
  </reporter-output>
  <suite name="Suite" duration-ms="383386" started-at="2019-09-26T12:32:22Z" finished-at="2019-09-26T12:38:45Z">
    <groups>
    </groups>
    <test name="Test" duration-ms="383386" started-at="2019-09-26T12:32:22Z" finished-at="2019-09-26T12:38:45Z">
      <class name="com.testng.testsuite1.TC4">
        <test-method status="PASS" signature="LaunchChrome()[pri:0, instance:com.testng.testsuite1.TC4@39c0f4a]" name="LaunchChrome" is-config="true" duration-ms="41128" started-at="2019-09-26T18:06:21Z" finished-at="2019-09-26T18:07:02Z">
          <reporter-output>
          </reporter-output>
        </test-method> <!-- LaunchChrome -->
        <test-method status="PASS" signature="test()[pri:0, instance:com.testng.testsuite1.TC4@39c0f4a]" name="test" duration-ms="30168" started-at="2019-09-26T18:07:02Z" finished-at="2019-09-26T18:07:32Z">
          <reporter-output>
          </reporter-output>
        </test-method> <!-- test -->
        <test-method status="PASS" signature="closeBrowser()[pri:0, instance:com.testng.testsuite1.TC4@39c0f4a]" name="closeBrowser" is-config="true" duration-ms="676" started-at="2019-09-26T18:07:32Z" finished-at="2019-09-26T18:07:33Z">
          <reporter-output>
          </reporter-output>
        </test-method> <!-- closeBrowser -->
      </class> <!-- com.testng.testsuite1.TC4 -->
      <class name="com.testng.testsuite1.TC5">
        <test-method status="PASS" signature="LaunchChrome()[pri:0, instance:com.testng.testsuite1.TC5@1794d431]" name="LaunchChrome" is-config="true" duration-ms="38351" started-at="2019-09-26T18:07:33Z" finished-at="2019-09-26T18:08:11Z">
          <reporter-output>
          </reporter-output>
        </test-method> <!-- LaunchChrome -->
        <test-method status="PASS" signature="TestCase()[pri:0, instance:com.testng.testsuite1.TC5@1794d431]" name="TestCase" duration-ms="28614" started-at="2019-09-26T18:08:11Z" finished-at="2019-09-26T18:08:40Z">
          <reporter-output>
          </reporter-output>
        </test-method> <!-- TestCase -->
        <test-method status="PASS" signature="CloseBrowser()[pri:0, instance:com.testng.testsuite1.TC5@1794d431]" name="CloseBrowser" is-config="true" duration-ms="5354" started-at="2019-09-26T18:08:40Z" finished-at="2019-09-26T18:08:45Z">
          <reporter-output>
          </reporter-output>
        </test-method> <!-- CloseBrowser -->
      </class> <!-- com.testng.testsuite1.TC5 -->
      <class name="com.testng.testsuite1.TC1">
        <test-method status="PASS" signature="LaunchChrome()[pri:0, instance:com.testng.testsuite1.TC1@1e88b3c]" name="LaunchChrome" is-config="true" duration-ms="30169" started-at="2019-09-26T18:02:22Z" finished-at="2019-09-26T18:02:52Z">
          <reporter-output>
          </reporter-output>
        </test-method> <!-- LaunchChrome -->
        <test-method status="PASS" signature="TestCase()[pri:0, instance:com.testng.testsuite1.TC1@1e88b3c]" name="TestCase" duration-ms="23127" started-at="2019-09-26T18:02:52Z" finished-at="2019-09-26T18:03:15Z">
          <reporter-output>
          </reporter-output>
        </test-method> <!-- TestCase -->
        <test-method status="PASS" signature="CloseBrowser()[pri:0, instance:com.testng.testsuite1.TC1@1e88b3c]" name="CloseBrowser" is-config="true" duration-ms="6533" started-at="2019-09-26T18:03:15Z" finished-at="2019-09-26T18:03:22Z">
          <reporter-output>
          </reporter-output>
        </test-method> <!-- CloseBrowser -->
      </class> <!-- com.testng.testsuite1.TC1 -->
      <class name="com.testng.testsuite1.TC2">
        <test-method status="PASS" signature="LaunchChrome()[pri:0, instance:com.testng.testsuite1.TC2@4883b407]" name="LaunchChrome" is-config="true" duration-ms="53078" started-at="2019-09-26T18:03:22Z" finished-at="2019-09-26T18:04:15Z">
          <reporter-output>
          </reporter-output>
        </test-method> <!-- LaunchChrome -->
        <test-method status="PASS" signature="TestCase()[pri:0, instance:com.testng.testsuite1.TC2@4883b407]" name="TestCase" duration-ms="33234" started-at="2019-09-26T18:04:15Z" finished-at="2019-09-26T18:04:48Z">
          <reporter-output>
          </reporter-output>
        </test-method> <!-- TestCase -->
        <test-method status="PASS" signature="CloseBrowser()[pri:0, instance:com.testng.testsuite1.TC2@4883b407]" name="CloseBrowser" is-config="true" duration-ms="9407" started-at="2019-09-26T18:04:48Z" finished-at="2019-09-26T18:04:58Z">
          <reporter-output>
          </reporter-output>
        </test-method> <!-- CloseBrowser -->
      </class> <!-- com.testng.testsuite1.TC2 -->
      <class name="com.testng.testsuite1.TC3">
        <test-method status="PASS" signature="LaunchChrome()[pri:0, instance:com.testng.testsuite1.TC3@7d9d1a19]" name="LaunchChrome" is-config="true" duration-ms="40984" started-at="2019-09-26T18:04:58Z" finished-at="2019-09-26T18:05:39Z">
          <reporter-output>
          </reporter-output>
        </test-method> <!-- LaunchChrome -->
        <test-method status="PASS" signature="test()[pri:0, instance:com.testng.testsuite1.TC3@7d9d1a19]" name="test" duration-ms="41319" started-at="2019-09-26T18:05:39Z" finished-at="2019-09-26T18:06:20Z">
          <reporter-output>
          </reporter-output>
        </test-method> <!-- test -->
        <test-method status="PASS" signature="closeBrowser()[pri:0, instance:com.testng.testsuite1.TC3@7d9d1a19]" name="closeBrowser" is-config="true" duration-ms="1154" started-at="2019-09-26T18:06:20Z" finished-at="2019-09-26T18:06:21Z">
          <reporter-output>
          </reporter-output>
        </test-method> <!-- closeBrowser -->
      </class> <!-- com.testng.testsuite1.TC3 -->
    </test> <!-- Test -->
  </suite> <!-- Suite -->
</testng-results>
