<?xml version="1.0" encoding="UTF-8"?>
<testng-results skipped="0" failed="0" ignored="0" total="1" passed="1">
  <reporter-output>
  </reporter-output>
  <suite name="Default suite" duration-ms="5314" started-at="2019-09-27T18:17:41Z" finished-at="2019-09-27T18:17:47Z">
    <groups>
    </groups>
    <test name="Default test" duration-ms="5314" started-at="2019-09-27T18:17:41Z" finished-at="2019-09-27T18:17:47Z">
      <class name="org.Testing.TestScripts.TC1">
        <test-method status="PASS" signature="testCase1()[pri:0, instance:org.Testing.TestScripts.TC1@4520ebad]" name="testCase1" duration-ms="5251" started-at="2019-09-27T23:47:41Z" finished-at="2019-09-27T23:47:47Z">
          <reporter-output>
          </reporter-output>
        </test-method> <!-- testCase1 -->
      </class> <!-- org.Testing.TestScripts.TC1 -->
    </test> <!-- Default test -->
  </suite> <!-- Default suite -->
</testng-results>
