<?xml version="1.0" encoding="UTF-8"?>
<testng-results skipped="0" failed="0" total="2" passed="2">
  <reporter-output>
  </reporter-output>
  <suite name="Suite" duration-ms="87" started-at="2019-09-21T15:22:04Z" finished-at="2019-09-21T15:22:04Z">
    <groups>
    </groups>
    <test name="Test" duration-ms="87" started-at="2019-09-21T15:22:04Z" finished-at="2019-09-21T15:22:04Z">
      <class name="com.TestNG.practice.Intro_to_TestNG">
        <test-method status="PASS" signature="BS()[pri:0, instance:com.TestNG.practice.Intro_to_TestNG@42d80b78]" name="BS" is-config="true" duration-ms="15" started-at="2019-09-21T20:52:04Z" finished-at="2019-09-21T20:52:04Z">
          <reporter-output>
          </reporter-output>
        </test-method> <!-- BS -->
        <test-method status="PASS" signature="BS()[pri:0, instance:com.TestNG.practice.Intro_to_testngXML@7d9d1a19]" name="BS" is-config="true" duration-ms="7" started-at="2019-09-21T20:52:04Z" finished-at="2019-09-21T20:52:04Z">
          <reporter-output>
          </reporter-output>
        </test-method> <!-- BS -->
        <test-method status="PASS" signature="BC()[pri:0, instance:com.TestNG.practice.Intro_to_TestNG@42d80b78]" name="BC" is-config="true" duration-ms="1" started-at="2019-09-21T20:52:04Z" finished-at="2019-09-21T20:52:04Z">
          <reporter-output>
          </reporter-output>
        </test-method> <!-- BC -->
        <test-method status="PASS" signature="BM()[pri:0, instance:com.TestNG.practice.Intro_to_TestNG@42d80b78]" name="BM" is-config="true" duration-ms="0" started-at="2019-09-21T20:52:04Z" finished-at="2019-09-21T20:52:04Z">
          <reporter-output>
          </reporter-output>
        </test-method> <!-- BM -->
        <test-method status="PASS" signature="Test()[pri:0, instance:com.TestNG.practice.Intro_to_TestNG@42d80b78]" name="Test" duration-ms="20" started-at="2019-09-21T20:52:04Z" finished-at="2019-09-21T20:52:04Z">
          <reporter-output>
          </reporter-output>
        </test-method> <!-- Test -->
        <test-method status="PASS" signature="AM()[pri:0, instance:com.TestNG.practice.Intro_to_TestNG@42d80b78]" name="AM" is-config="true" duration-ms="0" started-at="2019-09-21T20:52:04Z" finished-at="2019-09-21T20:52:04Z">
          <reporter-output>
          </reporter-output>
        </test-method> <!-- AM -->
        <test-method status="PASS" signature="AC()[pri:0, instance:com.TestNG.practice.Intro_to_TestNG@42d80b78]" name="AC" is-config="true" duration-ms="0" started-at="2019-09-21T20:52:04Z" finished-at="2019-09-21T20:52:04Z">
          <reporter-output>
          </reporter-output>
        </test-method> <!-- AC -->
        <test-method status="PASS" signature="AS()[pri:0, instance:com.TestNG.practice.Intro_to_testngXML@7d9d1a19]" name="AS" is-config="true" duration-ms="3" started-at="2019-09-21T20:52:05Z" finished-at="2019-09-21T20:52:05Z">
          <reporter-output>
          </reporter-output>
        </test-method> <!-- AS -->
        <test-method status="PASS" signature="AS()[pri:0, instance:com.TestNG.practice.Intro_to_TestNG@42d80b78]" name="AS" is-config="true" duration-ms="0" started-at="2019-09-21T20:52:05Z" finished-at="2019-09-21T20:52:05Z">
          <reporter-output>
          </reporter-output>
        </test-method> <!-- AS -->
      </class> <!-- com.TestNG.practice.Intro_to_TestNG -->
      <class name="com.TestNG.practice.Intro_to_testngXML">
        <test-method status="PASS" signature="BC()[pri:0, instance:com.TestNG.practice.Intro_to_testngXML@7d9d1a19]" name="BC" is-config="true" duration-ms="0" started-at="2019-09-21T20:52:04Z" finished-at="2019-09-21T20:52:04Z">
          <reporter-output>
          </reporter-output>
        </test-method> <!-- BC -->
        <test-method status="PASS" signature="BM()[pri:0, instance:com.TestNG.practice.Intro_to_testngXML@7d9d1a19]" name="BM" is-config="true" duration-ms="1" started-at="2019-09-21T20:52:04Z" finished-at="2019-09-21T20:52:04Z">
          <reporter-output>
          </reporter-output>
        </test-method> <!-- BM -->
        <test-method status="PASS" signature="Test()[pri:0, instance:com.TestNG.practice.Intro_to_testngXML@7d9d1a19]" name="Test" duration-ms="1" started-at="2019-09-21T20:52:04Z" finished-at="2019-09-21T20:52:04Z">
          <reporter-output>
          </reporter-output>
        </test-method> <!-- Test -->
        <test-method status="PASS" signature="AM()[pri:0, instance:com.TestNG.practice.Intro_to_testngXML@7d9d1a19]" name="AM" is-config="true" duration-ms="1" started-at="2019-09-21T20:52:04Z" finished-at="2019-09-21T20:52:04Z">
          <reporter-output>
          </reporter-output>
        </test-method> <!-- AM -->
        <test-method status="PASS" signature="AC()[pri:0, instance:com.TestNG.practice.Intro_to_testngXML@7d9d1a19]" name="AC" is-config="true" duration-ms="0" started-at="2019-09-21T20:52:04Z" finished-at="2019-09-21T20:52:04Z">
          <reporter-output>
          </reporter-output>
        </test-method> <!-- AC -->
      </class> <!-- com.TestNG.practice.Intro_to_testngXML -->
    </test> <!-- Test -->
  </suite> <!-- Suite -->
</testng-results>
