<?xml version="1.0" encoding="UTF-8"?>
<!-- Generated by org.testng.reporters.JUnitXMLReporter -->
<testsuite hostname="LAPTOP-KDTBH1OM" name="Test" tests="5" failures="0" timestamp="26 Sep 2019 12:38:48 GMT" time="383.386" errors="0">
  <testcase name="TestCase" time="23.127" classname="com.testng.testsuite1.TC1"/>
  <testcase name="TestCase" time="33.234" classname="com.testng.testsuite1.TC2"/>
  <testcase name="test" time="41.319" classname="com.testng.testsuite1.TC3"/>
  <testcase name="test" time="30.168" classname="com.testng.testsuite1.TC4"/>
  <testcase name="TestCase" time="28.614" classname="com.testng.testsuite1.TC5"/>
</testsuite> <!-- Test -->
